<?xml version="1.0" encoding="UTF-8"?>
<!-- Generated by org.testng.reporters.JUnitXMLReporter -->
<testsuite hostname="Admin-PC" ignored="0" name="Test" tests="1" failures="1" timestamp="25 Jan 2020 04:52:51 GMT" time="24.122" errors="0">
  <testcase name="testCreateCustome" time="2.251" classname="com.actitime.test.CustomerModule">
    <failure type="java.lang.NullPointerException">
      <![CDATA[java.lang.NullPointerException
at com.actitime.generics.FileLib.getExcelValue(FileLib.java:50)
at com.actitime.test.CustomerModule.testCreateCustome(CustomerModule.java:26)
... Removed 25 stack frames]]>
    </failure>
  </testcase> <!-- testCreateCustome -->
</testsuite> <!-- Test -->
